[demo.nrgthemes.com/projects/travel/index_2.html]
[demo.nrgthemes.com/projects/travel/favicon.ico]
[demo.nrgthemes.com/projects/travel/css/bootstrap.min.css]
[demo.nrgthemes.com/projects/travel/css/jquery-ui.structure.min.css]
[demo.nrgthemes.com/projects/travel/css/jquery-ui.min.css]
[maxcdn.bootstrapcdn.com/font-awesome/4.3.0/css/font-awesome.min.css]
[backblue.gif]
[fade.gif]
[index.html]
[demo.nrgthemes.com/projects/travel/css/style.css]
[demo.nrgthemes.com/projects/travel/index.html]
[demo.nrgthemes.com/projects/travel/img/theme-1/logo_dark.png]
[demo.nrgthemes.com/projects/travel/menu_style_1.html]
[demo.nrgthemes.com/projects/travel/img/landing/header_1.png]
[demo.nrgthemes.com/projects/travel/menu_style_2.html]
[demo.nrgthemes.com/projects/travel/img/landing/header_2.png]
[demo.nrgthemes.com/projects/travel/menu_style_3.html]
[demo.nrgthemes.com/projects/travel/img/landing/header_3.png]
[demo.nrgthemes.com/projects/travel/menu_style_4.html]
[demo.nrgthemes.com/projects/travel/img/landing/header_4.png]
[demo.nrgthemes.com/projects/travel/menu_style_5.html]
[demo.nrgthemes.com/projects/travel/img/landing/header_5.png]
[demo.nrgthemes.com/projects/travel/menu_style_6.html]
[demo.nrgthemes.com/projects/travel/img/landing/header_6.png]
[demo.nrgthemes.com/projects/travel/footer_style_1.html]
[demo.nrgthemes.com/projects/travel/img/landing/footer_1.png]
[demo.nrgthemes.com/projects/travel/footer_style_2.html]
[demo.nrgthemes.com/projects/travel/img/landing/footer_2.png]
[demo.nrgthemes.com/projects/travel/footer_style_3.html]
[demo.nrgthemes.com/projects/travel/footer_style_4.html]
[demo.nrgthemes.com/projects/travel/img/landing/footer_4.png]
[demo.nrgthemes.com/projects/travel/footer_style_5.html]
[demo.nrgthemes.com/projects/travel/img/landing/footer_5.png]
[demo.nrgthemes.com/projects/travel/index_3.html]
[demo.nrgthemes.com/projects/travel/index_4.html]
[demo.nrgthemes.com/projects/travel/index_5.html]
[demo.nrgthemes.com/projects/travel/index_6.html]
[demo.nrgthemes.com/projects/travel/index_7.html]
[demo.nrgthemes.com/projects/travel/index_8.html]
[demo.nrgthemes.com/projects/travel/index_9.html]
[demo.nrgthemes.com/projects/travel/index_10.html]
[demo.nrgthemes.com/projects/travel/plane.html]
[demo.nrgthemes.com/projects/travel/hotels.html]
[demo.nrgthemes.com/projects/travel/video_bar.html]
[demo.nrgthemes.com/projects/travel/tour.html]
[demo.nrgthemes.com/projects/travel/ship.html]
[demo.nrgthemes.com/projects/travel/rental.html]
[demo.nrgthemes.com/projects/travel/cars.html]
[demo.nrgthemes.com/projects/travel/hotel_list.html]
[demo.nrgthemes.com/projects/travel/hotel_list_2.html]
[demo.nrgthemes.com/projects/travel/hotel_grid.html]
[demo.nrgthemes.com/projects/travel/hotel_block.html]
[demo.nrgthemes.com/projects/travel/hotel_detail.html]
[demo.nrgthemes.com/projects/travel/booking.html]
[demo.nrgthemes.com/projects/travel/thank_you.html]
[demo.nrgthemes.com/projects/travel/flight_list.html]
[demo.nrgthemes.com/projects/travel/flight_grid.html]
[demo.nrgthemes.com/projects/travel/flight_block.html]
[demo.nrgthemes.com/projects/travel/flight_details.html]
[demo.nrgthemes.com/projects/travel/car_list.html]
[demo.nrgthemes.com/projects/travel/car_grid.html]
[demo.nrgthemes.com/projects/travel/car_block.html]
[demo.nrgthemes.com/projects/travel/car_detail.html]
[demo.nrgthemes.com/projects/travel/cruise_list.html]
[demo.nrgthemes.com/projects/travel/cruise_grid.html]
[demo.nrgthemes.com/projects/travel/cruise_block.html]
[demo.nrgthemes.com/projects/travel/cruise_detail.html]
[demo.nrgthemes.com/projects/travel/about_us.html]
[demo.nrgthemes.com/projects/travel/about_us_2.html]
[demo.nrgthemes.com/projects/travel/services.html]
[demo.nrgthemes.com/projects/travel/services_2.html]
[demo.nrgthemes.com/projects/travel/gallery.html]
[demo.nrgthemes.com/projects/travel/gallery_2.html]
[demo.nrgthemes.com/projects/travel/gallery_3.html]
[demo.nrgthemes.com/projects/travel/gallery_4.html]
[demo.nrgthemes.com/projects/travel/gallery_5.html]
[demo.nrgthemes.com/projects/travel/gallery_detail.html]
[demo.nrgthemes.com/projects/travel/blog_list.html]
[demo.nrgthemes.com/projects/travel/blog.html]
[demo.nrgthemes.com/projects/travel/blog_list_2.html]
[demo.nrgthemes.com/projects/travel/blog_full.html]
[demo.nrgthemes.com/projects/travel/blog_detail.html]
[demo.nrgthemes.com/projects/travel/blog_detail_2.html]
[demo.nrgthemes.com/projects/travel/faq.html]
[demo.nrgthemes.com/projects/travel/faq1.html]
[demo.nrgthemes.com/projects/travel/page_layout_left_sidebar.html]
[demo.nrgthemes.com/projects/travel/page_layout_right_sidebar.html]
[demo.nrgthemes.com/projects/travel/page_layout_2_sidebar.html]
[demo.nrgthemes.com/projects/travel/page_layout_full_width.html]
[demo.nrgthemes.com/projects/travel/contact_us.html]
[demo.nrgthemes.com/projects/travel/contact_us_2.html]
[demo.nrgthemes.com/projects/travel/policies.html]
[demo.nrgthemes.com/projects/travel/sitemap.html]
[demo.nrgthemes.com/projects/travel/404.html]
[demo.nrgthemes.com/projects/travel/404_2.html]
[demo.nrgthemes.com/projects/travel/cooming_soon.html]
[demo.nrgthemes.com/projects/travel/cooming_soon_2.html]
[demo.nrgthemes.com/projects/travel/login.html]
[demo.nrgthemes.com/projects/travel/accordions.html]
[demo.nrgthemes.com/projects/travel/tabs.html]
[demo.nrgthemes.com/projects/travel/buttons.html]
[demo.nrgthemes.com/projects/travel/tour_list.html]
[demo.nrgthemes.com/projects/travel/tour_list_2.html]
[demo.nrgthemes.com/projects/travel/tour_list_3.html]
[demo.nrgthemes.com/projects/travel/tour_list_4.html]
[demo.nrgthemes.com/projects/travel/dropdowns.html]
[demo.nrgthemes.com/projects/travel/prices.html]
[demo.nrgthemes.com/projects/travel/testimonials.html]
[demo.nrgthemes.com/projects/travel/ourteam.html]
[demo.nrgthemes.com/projects/travel/gallerypopup.html]
[demo.nrgthemes.com/projects/travel/img/home_2/main_image.jpg]
[demo.nrgthemes.com/projects/travel/img/loc_icon_small.png]
[demo.nrgthemes.com/projects/travel/img/calendar_icon.png]
[demo.nrgthemes.com/projects/travel/img/home_2/item_img_1.jpg]
[demo.nrgthemes.com/projects/travel/img/home_2/item_img_2.jpg]
[demo.nrgthemes.com/projects/travel/img/home_2/item_img_3.jpg]
[demo.nrgthemes.com/projects/travel/img/home_2/item_img_4.jpg]
[demo.nrgthemes.com/projects/travel/img/home_2/item_img_5.jpg]
[demo.nrgthemes.com/projects/travel/img/home_2/tour_icon_1.png]
[demo.nrgthemes.com/projects/travel/img/home_2/tour_icon_2.png]
[demo.nrgthemes.com/projects/travel/img/home_2/tour_icon_3.png]
[demo.nrgthemes.com/projects/travel/img/home_2/item_img_6.jpg]
[demo.nrgthemes.com/projects/travel/img/home_2/item_img_7.jpg]
[demo.nrgthemes.com/projects/travel/img/home_2/close.png]
[demo.nrgthemes.com/projects/travel/img/home_2/play.png]
[demo.nrgthemes.com/projects/travel/img/home_2/item_img_8.jpg]
[demo.nrgthemes.com/projects/travel/img/home_2/people.png]
[demo.nrgthemes.com/projects/travel/img/home_2/item_img_9.jpg]
[demo.nrgthemes.com/projects/travel/img/weather_icon_small.png]
[demo.nrgthemes.com/projects/travel/img/people_icon.png]
[demo.nrgthemes.com/projects/travel/img/home_2/item_img_10.jpg]
[demo.nrgthemes.com/projects/travel/img/weather_icon_rain.png]
[demo.nrgthemes.com/projects/travel/img/home_2/item_img_11.jpg]
[demo.nrgthemes.com/projects/travel/img/home_2/item_img_12.jpg]
[demo.nrgthemes.com/projects/travel/img/quote.png]
[demo.nrgthemes.com/projects/travel/img/theme-1/logo.png]
[demo.nrgthemes.com/projects/travel/img/home_6/news_1.jpg]
[demo.nrgthemes.com/projects/travel/img/home_6/news_2.jpg]
[demo.nrgthemes.com/projects/travel/js/jquery-2.1.4.min.js]
[demo.nrgthemes.com/projects/travel/js/bootstrap.min.js]
[demo.nrgthemes.com/projects/travel/js/jquery-ui.min.js]
[demo.nrgthemes.com/projects/travel/js/idangerous.swiper.min.js]
[demo.nrgthemes.com/projects/travel/js/jquery.viewportchecker.min.js]
[demo.nrgthemes.com/projects/travel/js/isotope.pkgd.min.js]
[demo.nrgthemes.com/projects/travel/js/jquery.mousewheel.min.js]
[demo.nrgthemes.com/projects/travel/js/all.js]
[demo.nrgthemes.com/projects/travel/index_2.html]
[demo.nrgthemes.com/projects/travel/fonts/glyphicons-halflings-regular.eot]
[demo.nrgthemes.com/projects/travel/fonts/glyphicons-halflings-regulard41d.eot]
[demo.nrgthemes.com/projects/travel/fonts/glyphicons-halflings-regular.woff2]
[demo.nrgthemes.com/projects/travel/fonts/glyphicons-halflings-regular.woff]
[demo.nrgthemes.com/projects/travel/fonts/glyphicons-halflings-regular.ttf]
[demo.nrgthemes.com/projects/travel/fonts/glyphicons-halflings-regular.svg]
[demo.nrgthemes.com/projects/travel/css/bootstrap.min.css]
[demo.nrgthemes.com/projects/travel/css/jquery-ui.structure.min.css]
[demo.nrgthemes.com/projects/travel/css/jquery-ui.min.css]
[maxcdn.bootstrapcdn.com/font-awesome/4.3.0/css/font-awesome.min.css]
[demo.nrgthemes.com/projects/travel/img/drag.png]
[demo.nrgthemes.com/projects/travel/img/home_9/bg-tab.jpg]
[demo.nrgthemes.com/projects/travel/img/search_icon.png]
[demo.nrgthemes.com/projects/travel/img/search_icon_small_grey.png]
[demo.nrgthemes.com/projects/travel/css/style.css]
[demo.nrgthemes.com/projects/travel/index.html]
[demo.nrgthemes.com/projects/travel/menu_style_1.html]
[demo.nrgthemes.com/projects/travel/menu_style_2.html]
[demo.nrgthemes.com/projects/travel/img/phone_icon_blue.png]
[demo.nrgthemes.com/projects/travel/img/mail_icon_blue.png]
[demo.nrgthemes.com/projects/travel/img/shop_icon_blue.png]
[demo.nrgthemes.com/projects/travel/img/home_1/dropdown_item_1.jpg]
[demo.nrgthemes.com/projects/travel/img/home_1/dropdown_item_3.jpg]
[demo.nrgthemes.com/projects/travel/img/home_1/dropdown_item_4.jpg]
[demo.nrgthemes.com/projects/travel/img/search_icon_small_blue.png]
[demo.nrgthemes.com/projects/travel/img/home_1/main_slide_1.jpg]
[demo.nrgthemes.com/projects/travel/menu_style_3.html]
[demo.nrgthemes.com/projects/travel/img/en.png]
[demo.nrgthemes.com/projects/travel/img/fr.png]
[demo.nrgthemes.com/projects/travel/img/de.png]
[demo.nrgthemes.com/projects/travel/img/ja.png]
[demo.nrgthemes.com/projects/travel/img/ko.png]
[demo.nrgthemes.com/projects/travel/img/search_icon_small.png]
[demo.nrgthemes.com/projects/travel/menu_style_4.html]
[demo.nrgthemes.com/projects/travel/img/theme-4/logo_dark.png]
[demo.nrgthemes.com/projects/travel/menu_style_5.html]
[demo.nrgthemes.com/projects/travel/menu_style_6.html]
[demo.nrgthemes.com/projects/travel/footer_style_1.html]
[demo.nrgthemes.com/projects/travel/img/home_5/f-logo.png]
[demo.nrgthemes.com/projects/travel/footer_style_2.html]
[demo.nrgthemes.com/projects/travel/img/home_6/footer_logo.png]
[demo.nrgthemes.com/projects/travel/footer_style_3.html]
[demo.nrgthemes.com/projects/travel/img/home_9/f_slide.jpg]
[demo.nrgthemes.com/projects/travel/img/home_7/footer_logo.png]
[demo.nrgthemes.com/projects/travel/footer_style_4.html]
[demo.nrgthemes.com/projects/travel/img/landing/footer_3.png]
[demo.nrgthemes.com/projects/travel/img/home_1/inst_img_1.jpg]
[demo.nrgthemes.com/projects/travel/img/home_1/inst_img_2.jpg]
[demo.nrgthemes.com/projects/travel/img/home_1/inst_img_3.jpg]
[demo.nrgthemes.com/projects/travel/img/home_1/inst_img_4.jpg]
[demo.nrgthemes.com/projects/travel/img/home_1/inst_img_5.jpg]
[demo.nrgthemes.com/projects/travel/img/home_1/inst_img_6.jpg]
[demo.nrgthemes.com/projects/travel/img/home_1/inst_img_7.jpg]
[demo.nrgthemes.com/projects/travel/img/home_1/inst_img_8.jpg]
[demo.nrgthemes.com/projects/travel/img/home_1/inst_img_9.jpg]
[demo.nrgthemes.com/projects/travel/img/home_1/inst_img_10.jpg]
[demo.nrgthemes.com/projects/travel/footer_style_5.html]
[demo.nrgthemes.com/projects/travel/img/home_3/main_slide_1.jpg]
[demo.nrgthemes.com/projects/travel/img/home_3/hotel_bg.jpg]
[demo.nrgthemes.com/projects/travel/img/home_3/hotel_big_img_1.jpg]
[demo.nrgthemes.com/projects/travel/img/home_3/hotel_sm_img_1.jpg]
[demo.nrgthemes.com/projects/travel/img/home_3/hotel_sm_img_2.jpg]
[demo.nrgthemes.com/projects/travel/img/home_3/hotel_sm_img_3.jpg]
[demo.nrgthemes.com/projects/travel/img/home_3/hotel_sm_img_4.jpg]
[demo.nrgthemes.com/projects/travel/img/home_3/hotel_big_img_2.jpg]
[demo.nrgthemes.com/projects/travel/img/home_3/hotel_sm_img_5.jpg]
[demo.nrgthemes.com/projects/travel/img/home_3/hotel_sm_img_6.jpg]
[demo.nrgthemes.com/projects/travel/img/home_3/hotel_sm_img_7.jpg]
[demo.nrgthemes.com/projects/travel/img/home_3/hotel_sm_img_8.jpg]
[demo.nrgthemes.com/projects/travel/img/home_3/pop_hotel_1.jpg]
[demo.nrgthemes.com/projects/travel/img/loc_icon_small_drak.png]
[demo.nrgthemes.com/projects/travel/img/home_3/pop_hotel_2.jpg]
[demo.nrgthemes.com/projects/travel/img/home_3/pop_hotel_3.jpg]
[demo.nrgthemes.com/projects/travel/img/home_3/pop_hotel_4.jpg]
[demo.nrgthemes.com/projects/travel/img/home_3/hotel_big_3.jpg]
[demo.nrgthemes.com/projects/travel/img/home_3/hotel_big_2.jpg]
[demo.nrgthemes.com/projects/travel/img/home_3/hotel_big_1.jpg]
[demo.nrgthemes.com/projects/travel/img/home_3/hotel_big_main.jpg]
[demo.nrgthemes.com/projects/travel/img/home_3/mini_hotel_1.jpg]
[demo.nrgthemes.com/projects/travel/img/home_3/mini_hotel_2.jpg]
[demo.nrgthemes.com/projects/travel/img/home_3/mini_hotel_3.jpg]
[demo.nrgthemes.com/projects/travel/img/home_3/hot_hotel_1.jpg]
[demo.nrgthemes.com/projects/travel/img/home_3/hot_hotel_2.jpg]
[demo.nrgthemes.com/projects/travel/img/home_3/hot_hotel_3.jpg]
[demo.nrgthemes.com/projects/travel/img/home_3/hotel-small_1.jpg]
[demo.nrgthemes.com/projects/travel/img/home_3/hotel-small_5.jpg]
[demo.nrgthemes.com/projects/travel/img/home_3/hotel-small_9.jpg]
[demo.nrgthemes.com/projects/travel/img/home_3/hotel-small_2.jpg]
[demo.nrgthemes.com/projects/travel/img/home_3/hotel-small_6.jpg]
[demo.nrgthemes.com/projects/travel/img/home_3/hotel-small_10.jpg]
[demo.nrgthemes.com/projects/travel/img/home_3/hotel-small_3.jpg]
[demo.nrgthemes.com/projects/travel/img/home_3/hotel-small_7.jpg]
[demo.nrgthemes.com/projects/travel/img/home_3/hotel-small_11.jpg]
[demo.nrgthemes.com/projects/travel/img/home_3/hotel-small_4.jpg]
[demo.nrgthemes.com/projects/travel/img/home_3/hotel-small_8.jpg]
[demo.nrgthemes.com/projects/travel/img/home_3/hotel-small_12.jpg]
[demo.nrgthemes.com/projects/travel/index_3.html]
[demo.nrgthemes.com/projects/travel/img/home_4/slide_1.jpg]
[demo.nrgthemes.com/projects/travel/img/home_4/slide_2.jpg]
[demo.nrgthemes.com/projects/travel/img/home_4/slide_3.jpg]
[demo.nrgthemes.com/projects/travel/img/home_4/slide_4.jpg]
[demo.nrgthemes.com/projects/travel/img/home_4/slide_5.jpg]
[demo.nrgthemes.com/projects/travel/img/home_4/tour-bg.jpg]
[demo.nrgthemes.com/projects/travel/img/home_4/tour_1.jpg]
[demo.nrgthemes.com/projects/travel/img/weather_icon_small_blue.png]
[demo.nrgthemes.com/projects/travel/img/home_4/tour_2.jpg]
[demo.nrgthemes.com/projects/travel/img/home_4/tour_3.jpg]
[demo.nrgthemes.com/projects/travel/img/weather_icon_rain_blue.png]
[demo.nrgthemes.com/projects/travel/img/home_4/tour_4.jpg]
[demo.nrgthemes.com/projects/travel/img/home_4/tour_5.jpg]
[demo.nrgthemes.com/projects/travel/img/home_4/tour_6.jpg]
[demo.nrgthemes.com/projects/travel/img/home_4/tour-block_1.jpg]
[demo.nrgthemes.com/projects/travel/img/home_4/tour-block_4.jpg]
[demo.nrgthemes.com/projects/travel/img/home_4/tour-block_2.jpg]
[demo.nrgthemes.com/projects/travel/img/home_4/tour-block_3.jpg]
[demo.nrgthemes.com/projects/travel/img/home_4/offers-block_1.jpg]
[demo.nrgthemes.com/projects/travel/img/home_4/offers-block_2.jpg]
[demo.nrgthemes.com/projects/travel/img/home_4/offers-block_3.jpg]
[demo.nrgthemes.com/projects/travel/img/home_4/offers-block_4.jpg]
[demo.nrgthemes.com/projects/travel/img/home_4/area_tours_01.jpg]
[demo.nrgthemes.com/projects/travel/img/home_4/area_tours_02.jpg]
[demo.nrgthemes.com/projects/travel/img/home_4/area_tours_03.jpg]
[demo.nrgthemes.com/projects/travel/img/home_4/area_tours_04.jpg]
[demo.nrgthemes.com/projects/travel/img/home_4/propose_1.jpg]
[demo.nrgthemes.com/projects/travel/img/home_4/propose_2.jpg]
[demo.nrgthemes.com/projects/travel/js/map.js]
[demo.nrgthemes.com/projects/travel/index_4.html]
[demo.nrgthemes.com/projects/travel/img/home_5/slider.jpg]
[demo.nrgthemes.com/projects/travel/img/home_5/slide_1.jpg]
[demo.nrgthemes.com/projects/travel/img/home_5/slide_preview_1.jpg]
[demo.nrgthemes.com/projects/travel/img/home_5/slide_2.jpg]
[demo.nrgthemes.com/projects/travel/img/home_5/slide_preview_2.jpg]
[demo.nrgthemes.com/projects/travel/img/home_5/slide_3.jpg]
[demo.nrgthemes.com/projects/travel/img/home_5/slide_preview_3.jpg]
[demo.nrgthemes.com/projects/travel/img/theme-5/country_1.png]
[demo.nrgthemes.com/projects/travel/img/theme-5/country_2.png]
[demo.nrgthemes.com/projects/travel/img/theme-5/country_3.png]
[demo.nrgthemes.com/projects/travel/img/theme-5/country_4.png]
[demo.nrgthemes.com/projects/travel/img/theme-5/country_5.png]
[demo.nrgthemes.com/projects/travel/img/theme-5/country_6.png]
[demo.nrgthemes.com/projects/travel/img/home_5/tour_1.jpg]
[demo.nrgthemes.com/projects/travel/img/home_5/tour_2.jpg]
[demo.nrgthemes.com/projects/travel/img/home_5/tour_3.jpg]
[demo.nrgthemes.com/projects/travel/img/home_5/tour_4.jpg]
[demo.nrgthemes.com/projects/travel/img/home_5/tour_5.jpg]
[demo.nrgthemes.com/projects/travel/img/home_5/bg-counter.jpg]
[demo.nrgthemes.com/projects/travel/img/theme-5/c_icon_1.png]
[demo.nrgthemes.com/projects/travel/img/theme-5/c_icon_2.png]
[demo.nrgthemes.com/projects/travel/img/theme-5/c_icon_3.png]
[demo.nrgthemes.com/projects/travel/img/theme-5/c_icon_4.png]
[demo.nrgthemes.com/projects/travel/img/home_5/city_1.jpg]
[demo.nrgthemes.com/projects/travel/img/home_5/hotel_1.jpg]
[demo.nrgthemes.com/projects/travel/img/home_5/hotel_2.jpg]
[demo.nrgthemes.com/projects/travel/img/home_5/hotel_3.jpg]
[demo.nrgthemes.com/projects/travel/img/home_5/hotel_7.jpg]
[demo.nrgthemes.com/projects/travel/img/home_5/hotel_8.jpg]
[demo.nrgthemes.com/projects/travel/img/home_5/hotel_9.jpg]
[demo.nrgthemes.com/projects/travel/img/home_5/hotel_4.jpg]
[demo.nrgthemes.com/projects/travel/img/home_5/hotel_5.jpg]
[demo.nrgthemes.com/projects/travel/img/home_5/hotel_6.jpg]
[demo.nrgthemes.com/projects/travel/img/home_5/city_2.jpg]
[demo.nrgthemes.com/projects/travel/img/home_5/city_3.jpg]
[demo.nrgthemes.com/projects/travel/img/home_5/testimonal_1.jpg]
[demo.nrgthemes.com/projects/travel/img/home_5/people_1.jpg]
[demo.nrgthemes.com/projects/travel/img/home_5/testimonal_2.jpg]
[demo.nrgthemes.com/projects/travel/img/home_5/people_2.jpg]
[demo.nrgthemes.com/projects/travel/img/home_5/testimonal_3.jpg]
[demo.nrgthemes.com/projects/travel/img/home_5/people_3.jpg]
[demo.nrgthemes.com/projects/travel/img/home_5/testimonal_4.jpg]
[demo.nrgthemes.com/projects/travel/img/home_5/small_hotel_1.jpg]
[demo.nrgthemes.com/projects/travel/img/home_5/small_hotel_4.jpg]
[demo.nrgthemes.com/projects/travel/img/home_5/small_hotel_7.jpg]
[demo.nrgthemes.com/projects/travel/img/home_5/small_hotel_2.jpg]
[demo.nrgthemes.com/projects/travel/img/home_5/small_hotel_5.jpg]
[demo.nrgthemes.com/projects/travel/img/home_5/small_hotel_8.jpg]
[demo.nrgthemes.com/projects/travel/img/home_5/small_hotel_3.jpg]
[demo.nrgthemes.com/projects/travel/img/home_5/small_hotel_6.jpg]
[demo.nrgthemes.com/projects/travel/img/home_5/small_hotel_9.jpg]
[demo.nrgthemes.com/projects/travel/js/jquery.countTo.js]
[demo.nrgthemes.com/projects/travel/index_5.html]
[demo.nrgthemes.com/projects/travel/img/home_6/slide_1.jpg]
[demo.nrgthemes.com/projects/travel/img/home_6/slide_2.jpg]
[demo.nrgthemes.com/projects/travel/img/home_6/preview_1.jpg]
[demo.nrgthemes.com/projects/travel/img/home_6/slide_3.jpg]
[demo.nrgthemes.com/projects/travel/img/home_6/preview_2.jpg]
[demo.nrgthemes.com/projects/travel/img/home_6/slide_4.jpg]
[demo.nrgthemes.com/projects/travel/img/home_6/preview_3.jpg]
[demo.nrgthemes.com/projects/travel/img/home_6/slide_5.jpg]
[demo.nrgthemes.com/projects/travel/img/home_6/slide_6.jpg]
[demo.nrgthemes.com/projects/travel/img/home_6/slide_7.jpg]
[demo.nrgthemes.com/projects/travel/img/home_6/slide_8.jpg]
[demo.nrgthemes.com/projects/travel/img/home_6/slide_9.jpg]
[demo.nrgthemes.com/projects/travel/img/home_6/slide_10.jpg]
[demo.nrgthemes.com/projects/travel/index_6.html]
[demo.nrgthemes.com/projects/travel/img/home_7/slide_1.jpg]
[demo.nrgthemes.com/projects/travel/img/home_7/slide_preview_1.jpg]
[demo.nrgthemes.com/projects/travel/img/home_7/slide_preview_2.jpg]
[demo.nrgthemes.com/projects/travel/img/home_7/slide_preview_3.jpg]
[demo.nrgthemes.com/projects/travel/img/home_7/slide_preview_4.jpg]
[demo.nrgthemes.com/projects/travel/img/theme-1/c_icon_1.png]
[demo.nrgthemes.com/projects/travel/img/theme-1/c_icon_2.png]
[demo.nrgthemes.com/projects/travel/img/theme-1/c_icon_3.png]
[demo.nrgthemes.com/projects/travel/img/theme-1/c_icon_4.png]
[demo.nrgthemes.com/projects/travel/img/home_7/holiday_1.jpg]
[demo.nrgthemes.com/projects/travel/img/home_7/holiday_2.jpg]
[demo.nrgthemes.com/projects/travel/img/home_7/holiday_3.jpg]
[demo.nrgthemes.com/projects/travel/img/home_7/holiday_4.jpg]
[demo.nrgthemes.com/projects/travel/detail.html]
[demo.nrgthemes.com/projects/travel/img/home_7/gal_1.jpg]
[demo.nrgthemes.com/projects/travel/img/home_7/gal_2.jpg]
[demo.nrgthemes.com/projects/travel/img/home_7/gal_3.jpg]
[demo.nrgthemes.com/projects/travel/img/home_7/gal_4.jpg]
[demo.nrgthemes.com/projects/travel/img/home_7/gal_5.jpg]
[demo.nrgthemes.com/projects/travel/img/home_7/gal_6.jpg]
[demo.nrgthemes.com/projects/travel/img/home_7/gal_7.jpg]
[demo.nrgthemes.com/projects/travel/img/home_7/gal_8.jpg]
[demo.nrgthemes.com/projects/travel/img/home_7/gal_9.jpg]
[demo.nrgthemes.com/projects/travel/img/home_7/special.jpg]
[demo.nrgthemes.com/projects/travel/img/home_7/small_hotel_1.jpg]
[demo.nrgthemes.com/projects/travel/img/home_7/small_hotel_2.jpg]
[demo.nrgthemes.com/projects/travel/img/home_7/small_hotel_3.jpg]
[demo.nrgthemes.com/projects/travel/img/home_7/small_hotel_4.jpg]
[demo.nrgthemes.com/projects/travel/img/home_7/small_hotel_5.jpg]
[demo.nrgthemes.com/projects/travel/img/home_7/small_hotel_6.jpg]
[demo.nrgthemes.com/projects/travel/img/home_7/small_hotel_7.jpg]
[demo.nrgthemes.com/projects/travel/img/home_7/small_hotel_8.jpg]
[demo.nrgthemes.com/projects/travel/img/home_7/testimonals.jpg]
[demo.nrgthemes.com/projects/travel/img/home_7/sl_1.jpg]
[demo.nrgthemes.com/projects/travel/img/home_7/sl_2.jpg]
[demo.nrgthemes.com/projects/travel/img/home_7/sl_3.jpg]
[demo.nrgthemes.com/projects/travel/img/home_7/partner_1.png]
[demo.nrgthemes.com/projects/travel/img/home_7/partner_2.png]
[demo.nrgthemes.com/projects/travel/img/home_7/partner_3.png]
[demo.nrgthemes.com/projects/travel/img/home_7/partner_4.png]
[demo.nrgthemes.com/projects/travel/img/home_7/partner_5.png]
[demo.nrgthemes.com/projects/travel/img/home_7/partner_6.png]
[demo.nrgthemes.com/projects/travel/index_7.html]
[demo.nrgthemes.com/projects/travel/img/home_8/slide.jpg]
[demo.nrgthemes.com/projects/travel/img/home_8/tour_1.jpg]
[demo.nrgthemes.com/projects/travel/img/flag_icon_grey.png]
[demo.nrgthemes.com/projects/travel/img/home_8/tour_2.jpg]
[demo.nrgthemes.com/projects/travel/img/home_8/tour_3.jpg]
[demo.nrgthemes.com/projects/travel/img/home_8/small_hotel_1.jpg]
[demo.nrgthemes.com/projects/travel/img/home_8/small_hotel_2.jpg]
[demo.nrgthemes.com/projects/travel/img/home_8/small_hotel_3.jpg]
[demo.nrgthemes.com/projects/travel/img/home_8/small_hotel_4.jpg]
[demo.nrgthemes.com/projects/travel/img/home_8/small_hotel_5.jpg]
[demo.nrgthemes.com/projects/travel/img/home_8/small_hotel_6.jpg]
[demo.nrgthemes.com/projects/travel/img/home_8/bg_block_1.jpg]
[demo.nrgthemes.com/projects/travel/img/home_8/icon_1.png]
[demo.nrgthemes.com/projects/travel/img/home_8/icon_2.png]
[demo.nrgthemes.com/projects/travel/img/home_8/icon_3.png]
[demo.nrgthemes.com/projects/travel/img/home_8/icon_4.png]
[demo.nrgthemes.com/projects/travel/detail_2.html]
[demo.nrgthemes.com/projects/travel/img/home_8/gal_1.jpg]
[demo.nrgthemes.com/projects/travel/img/home_8/gal_2.jpg]
[demo.nrgthemes.com/projects/travel/img/home_8/gal_3.jpg]
[demo.nrgthemes.com/projects/travel/img/home_8/gal_4.jpg]
[demo.nrgthemes.com/projects/travel/img/home_8/gal_5.jpg]
[demo.nrgthemes.com/projects/travel/img/home_8/gal_6.jpg]
[demo.nrgthemes.com/projects/travel/img/home_8/gal_7.jpg]
[demo.nrgthemes.com/projects/travel/img/home_8/gal_8.jpg]
[demo.nrgthemes.com/projects/travel/img/home_8/team_1.jpg]
[demo.nrgthemes.com/projects/travel/img/home_8/team_2.jpg]
[demo.nrgthemes.com/projects/travel/img/home_8/team_3.jpg]
[demo.nrgthemes.com/projects/travel/img/home_8/bg_block_2.jpg]
[demo.nrgthemes.com/projects/travel/img/home_8/tesiminals.jpg]
[demo.nrgthemes.com/projects/travel/img/home_8/news_1.jpg]
[demo.nrgthemes.com/projects/travel/img/calendar_icon_grey.png]
[demo.nrgthemes.com/projects/travel/img/comment_icon_grey.png]
[demo.nrgthemes.com/projects/travel/img/home_8/news_2.jpg]
[demo.nrgthemes.com/projects/travel/img/home_8/news_3.jpg]
[demo.nrgthemes.com/projects/travel/img/phone_icon_2_blue.png]
[demo.nrgthemes.com/projects/travel/img/mail_icon_b_blue.png]
[demo.nrgthemes.com/projects/travel/img/loc_icon_blue.png]
[demo.nrgthemes.com/projects/travel/index_8.html]
[demo.nrgthemes.com/projects/travel/img/home_9/slide_1.jpg]
[demo.nrgthemes.com/projects/travel/img/home_9/slide_icon.png]
[demo.nrgthemes.com/projects/travel/img/loc_icon.png]
[demo.nrgthemes.com/projects/travel/img/home_9/tour_1.jpg]
[demo.nrgthemes.com/projects/travel/img/loc_icon_small_grey.png]
[demo.nrgthemes.com/projects/travel/img/home_9/tour_2.jpg]
[demo.nrgthemes.com/projects/travel/img/home_9/tour_3.jpg]
[demo.nrgthemes.com/projects/travel/img/home_9/tour_4.jpg]
[demo.nrgthemes.com/projects/travel/img/home_9/preview_1.jpg]
[demo.nrgthemes.com/projects/travel/img/home_9/preview_2.jpg]
[demo.nrgthemes.com/projects/travel/img/home_9/preview_3.jpg]
[demo.nrgthemes.com/projects/travel/img/home_9/preview_4.jpg]
[demo.nrgthemes.com/projects/travel/img/home_9/preview_5.jpg]
[demo.nrgthemes.com/projects/travel/img/home_9/preview_6.jpg]
[demo.nrgthemes.com/projects/travel/img/home_9/preview_7.jpg]
[demo.nrgthemes.com/projects/travel/img/home_9/preview_8.jpg]
[demo.nrgthemes.com/projects/travel/img/home_9/city_1.jpg]
[demo.nrgthemes.com/projects/travel/img/home_9/country_1.png]
[demo.nrgthemes.com/projects/travel/img/home_9/city_2.jpg]
[demo.nrgthemes.com/projects/travel/img/home_9/country_2.png]
[demo.nrgthemes.com/projects/travel/img/home_9/city_3.jpg]
[demo.nrgthemes.com/projects/travel/img/home_9/country_3.png]
[demo.nrgthemes.com/projects/travel/img/home_9/city_4.jpg]
[demo.nrgthemes.com/projects/travel/img/home_9/country_4.png]
[demo.nrgthemes.com/projects/travel/img/home_9/bg_1.jpg]
[demo.nrgthemes.com/projects/travel/img/home_9/bg_2.jpg]
[demo.nrgthemes.com/projects/travel/img/home_9/bg_3.jpg]
[demo.nrgthemes.com/projects/travel/img/home_9/cruise_1.jpg]
[demo.nrgthemes.com/projects/travel/img/home_9/cruise_2.jpg]
[demo.nrgthemes.com/projects/travel/img/home_9/cruise_3.jpg]
[demo.nrgthemes.com/projects/travel/img/home_9/cruise_4.jpg]
[demo.nrgthemes.com/projects/travel/img/home_9/cruise_5.jpg]
[demo.nrgthemes.com/projects/travel/img/home_9/cruise_6.jpg]
[demo.nrgthemes.com/projects/travel/img/home_9/cruise_7.jpg]
[demo.nrgthemes.com/projects/travel/img/home_9/cruise_8.jpg]
[demo.nrgthemes.com/projects/travel/img/home_9/special.jpg]
[demo.nrgthemes.com/projects/travel/img/home_9/icon_1.jpg]
[demo.nrgthemes.com/projects/travel/img/home_9/icon_2.jpg]
[demo.nrgthemes.com/projects/travel/img/home_9/icon_3.jpg]
[demo.nrgthemes.com/projects/travel/img/home_9/icon_4.jpg]
[demo.nrgthemes.com/projects/travel/index_9.html]
[demo.nrgthemes.com/projects/travel/img/home_10/slider.jpg]
[demo.nrgthemes.com/projects/travel/img/home_10/slide_icon.png]
[demo.nrgthemes.com/projects/travel/img/home_10/flight_1.jpg]
[demo.nrgthemes.com/projects/travel/img/home_10/flight_2.jpg]
[demo.nrgthemes.com/projects/travel/img/home_10/flight_3.jpg]
[demo.nrgthemes.com/projects/travel/img/home_10/flight_4.jpg]
[demo.nrgthemes.com/projects/travel/img/home_10/city_1.jpg]
[demo.nrgthemes.com/projects/travel/img/home_10/company_1.jpg]
[demo.nrgthemes.com/projects/travel/img/home_10/company_2.jpg]
[demo.nrgthemes.com/projects/travel/img/home_10/company_3.jpg]
[demo.nrgthemes.com/projects/travel/img/home_10/city_2.jpg]
[demo.nrgthemes.com/projects/travel/img/home_10/company_4.jpg]
[demo.nrgthemes.com/projects/travel/img/home_10/company_5.jpg]
[demo.nrgthemes.com/projects/travel/img/home_10/company_6.jpg]
[demo.nrgthemes.com/projects/travel/img/home_10/city_3.jpg]
[demo.nrgthemes.com/projects/travel/img/home_10/bg_1.jpg]
[demo.nrgthemes.com/projects/travel/img/home_10/tour_1.jpg]
[demo.nrgthemes.com/projects/travel/img/plane.png]
[demo.nrgthemes.com/projects/travel/img/home_10/tour_2.jpg]
[demo.nrgthemes.com/projects/travel/img/home_10/tour_3.jpg]
[demo.nrgthemes.com/projects/travel/img/home_10/tour_4.jpg]
[demo.nrgthemes.com/projects/travel/img/home_10/tour_5.jpg]
[demo.nrgthemes.com/projects/travel/img/home_10/airlines_1.png]
[demo.nrgthemes.com/projects/travel/img/home_10/airlines_2.png]
[demo.nrgthemes.com/projects/travel/index_10.html]
[demo.nrgthemes.com/projects/travel/css/DateTimePicker.min.css]
[demo.nrgthemes.com/projects/travel/img/clock.png]
[demo.nrgthemes.com/projects/travel/img/home_10/tour_6.jpg]
[demo.nrgthemes.com/projects/travel/img/home_10/tour_7.jpg]
[demo.nrgthemes.com/projects/travel/img/home_10/tour_8.jpg]
[demo.nrgthemes.com/projects/travel/img/home_10/tour_9.jpg]
[demo.nrgthemes.com/projects/travel/img/home_10/tour_10.jpg]
[demo.nrgthemes.com/projects/travel/img/home_10/tour_11.jpg]
[demo.nrgthemes.com/projects/travel/img/home_10/tour_12.jpg]
[demo.nrgthemes.com/projects/travel/js/DateTimePicker.min.js]
[demo.nrgthemes.com/projects/travel/plane.html]
[demo.nrgthemes.com/projects/travel/hotels.html]
[demo.nrgthemes.com/projects/travel/img/poster.jpg]
[demo.nrgthemes.com/projects/travel/video/video.mp4]
[demo.nrgthemes.com/projects/travel/video/video.ogv]
[demo.nrgthemes.com/projects/travel/video/video.webm]
[demo.nrgthemes.com/projects/travel/img/inner/m_icon_1.png]
[demo.nrgthemes.com/projects/travel/img/inner/m_icon_2.png]
[demo.nrgthemes.com/projects/travel/img/inner/m_icon_5.png]
[demo.nrgthemes.com/projects/travel/img/inner/m_icon_8.png]
[demo.nrgthemes.com/projects/travel/img/inner/bg_2.jpg]
[demo.nrgthemes.com/projects/travel/img/inner/tour_1.jpg]
[demo.nrgthemes.com/projects/travel/img/inner/tour_2.jpg]
[demo.nrgthemes.com/projects/travel/img/inner/tour_3.jpg]
[demo.nrgthemes.com/projects/travel/img/inner/tour_4.jpg]
[demo.nrgthemes.com/projects/travel/img/inner/tour_5.jpg]
[demo.nrgthemes.com/projects/travel/js/jquery.circliful.min.js]
[demo.nrgthemes.com/projects/travel/video_bar.html]
[demo.nrgthemes.com/projects/travel/img/tour_list/tour_1.jpg]
[demo.nrgthemes.com/projects/travel/img/tour_list/tour_2.jpg]
[demo.nrgthemes.com/projects/travel/img/tour_list/tour_3.jpg]
[demo.nrgthemes.com/projects/travel/img/tour_list/tour_9.jpg]
[demo.nrgthemes.com/projects/travel/img/tour_list/tour_4.jpg]
[demo.nrgthemes.com/projects/travel/img/tour_list/tour_5.jpg]
[demo.nrgthemes.com/projects/travel/img/tour_list/tour_6.jpg]
[demo.nrgthemes.com/projects/travel/img/tour_list/tour_7.jpg]
[demo.nrgthemes.com/projects/travel/img/tour_list/tour_grid_8.jpg]
[demo.nrgthemes.com/projects/travel/img/tour_list/tour_grid_1.jpg]
[demo.nrgthemes.com/projects/travel/img/tour_list/tour_grid_2.jpg]
[demo.nrgthemes.com/projects/travel/img/tour_list/tour_grid_3.jpg]
[demo.nrgthemes.com/projects/travel/img/tour_list/tour_grid_4.jpg]
[demo.nrgthemes.com/projects/travel/img/tour_list/tour_grid_5.jpg]
[demo.nrgthemes.com/projects/travel/img/tour_list/tour_grid_6.jpg]
[demo.nrgthemes.com/projects/travel/img/tour_list/tour_grid_7.jpg]
[demo.nrgthemes.com/projects/travel/tour.html]
[demo.nrgthemes.com/projects/travel/img/boat/boat_1.jpg]
[demo.nrgthemes.com/projects/travel/img/bed.png]
[demo.nrgthemes.com/projects/travel/img/bath.png]
[demo.nrgthemes.com/projects/travel/img/gaz.png]
[demo.nrgthemes.com/projects/travel/img/speed.png]
[demo.nrgthemes.com/projects/travel/img/boat/boat_2.jpg]
[demo.nrgthemes.com/projects/travel/img/boat/boat_3.jpg]
[demo.nrgthemes.com/projects/travel/img/boat/boat_4.jpg]
[demo.nrgthemes.com/projects/travel/img/boat/boat_5.jpg]
[demo.nrgthemes.com/projects/travel/img/boat/boat_6.jpg]
[demo.nrgthemes.com/projects/travel/img/boat/boat_7.jpg]
[demo.nrgthemes.com/projects/travel/img/boat/boat_8.jpg]
[demo.nrgthemes.com/projects/travel/img/boat/boat_9.jpg]
[demo.nrgthemes.com/projects/travel/img/boat/boat_10.jpg]
[demo.nrgthemes.com/projects/travel/img/boat/boat_11.jpg]
[demo.nrgthemes.com/projects/travel/img/boat/boat_12.jpg]
[demo.nrgthemes.com/projects/travel/img/boat/boat_13.jpg]
[demo.nrgthemes.com/projects/travel/img/boat/boat_14.jpg]
[demo.nrgthemes.com/projects/travel/img/boat/boat_15.jpg]
[demo.nrgthemes.com/projects/travel/ship.html]
[demo.nrgthemes.com/projects/travel/img/rent_1.jpg]
[demo.nrgthemes.com/projects/travel/img/rent_2.jpg]
[demo.nrgthemes.com/projects/travel/img/rent_3.jpg]
[demo.nrgthemes.com/projects/travel/img/rent_4.jpg]
[demo.nrgthemes.com/projects/travel/img/rent_12.jpg]
[demo.nrgthemes.com/projects/travel/img/rent_5.jpg]
[demo.nrgthemes.com/projects/travel/img/rent_7.jpg]
[demo.nrgthemes.com/projects/travel/img/rent_6.jpg]
[demo.nrgthemes.com/projects/travel/img/rent_8.jpg]
[demo.nrgthemes.com/projects/travel/img/rent_9.jpg]
[demo.nrgthemes.com/projects/travel/img/rent_10.jpg]
[demo.nrgthemes.com/projects/travel/img/rent_11.jpg]
[demo.nrgthemes.com/projects/travel/img/rent_17.jpg]
[demo.nrgthemes.com/projects/travel/img/rent_14.jpg]
[demo.nrgthemes.com/projects/travel/img/rent_18.jpg]
[demo.nrgthemes.com/projects/travel/img/rent_16.jpg]
[demo.nrgthemes.com/projects/travel/img/rent_13.jpg]
[demo.nrgthemes.com/projects/travel/img/rent_19.jpg]
[demo.nrgthemes.com/projects/travel/img/rent_15.jpg]
[demo.nrgthemes.com/projects/travel/img/rent_20.jpg]
[demo.nrgthemes.com/projects/travel/rental.html]
[demo.nrgthemes.com/projects/travel/img/car_1.png]
[demo.nrgthemes.com/projects/travel/img/car_icon_2.png]
[demo.nrgthemes.com/projects/travel/img/car_icon_3.png]
[demo.nrgthemes.com/projects/travel/img/car_icon_5.png]
[demo.nrgthemes.com/projects/travel/img/car_icon_1.png]
[demo.nrgthemes.com/projects/travel/img/car_icon_4.png]
[demo.nrgthemes.com/projects/travel/img/car_2.png]
[demo.nrgthemes.com/projects/travel/img/car_3.png]
[demo.nrgthemes.com/projects/travel/img/car_4.png]
[demo.nrgthemes.com/projects/travel/img/car_5.png]
[demo.nrgthemes.com/projects/travel/img/car_6.png]
[demo.nrgthemes.com/projects/travel/img/car_7.png]
[demo.nrgthemes.com/projects/travel/img/car_8.png]
[demo.nrgthemes.com/projects/travel/cars.html]
[demo.nrgthemes.com/projects/travel/img/tour_list/inner_banner_1.jpg]
[demo.nrgthemes.com/projects/travel/img/tour_list/tour_grid_9.jpg]
[demo.nrgthemes.com/projects/travel/img/tour_list/tour_grid_10.jpg]
[demo.nrgthemes.com/projects/travel/img/tour_list/tour_grid_11.jpg]
[demo.nrgthemes.com/projects/travel/img/tour_list/tour_grid_12.jpg]
[demo.nrgthemes.com/projects/travel/img/tour_list/tour_grid_13.jpg]
[demo.nrgthemes.com/projects/travel/img/tour_list/tour_grid_14.jpg]
[demo.nrgthemes.com/projects/travel/img/tour_list/tour_grid_15.jpg]
[demo.nrgthemes.com/projects/travel/hotel_list.html]
[demo.nrgthemes.com/projects/travel/img/tour_list/inner_banner_2.jpg]
[demo.nrgthemes.com/projects/travel/img/tour_list/hotel_grid_1.jpg]
[demo.nrgthemes.com/projects/travel/img/tour_list/hotel_icon_1.png]
[demo.nrgthemes.com/projects/travel/img/tour_list/hotel_icon_2.png]
[demo.nrgthemes.com/projects/travel/img/tour_list/hotel_icon_3.png]
[demo.nrgthemes.com/projects/travel/img/tour_list/hotel_icon_4.png]
[demo.nrgthemes.com/projects/travel/img/tour_list/hotel_icon_5.png]
[demo.nrgthemes.com/projects/travel/img/tour_list/hotel_grid_2.jpg]
[demo.nrgthemes.com/projects/travel/img/tour_list/hotel_grid_3.jpg]
[demo.nrgthemes.com/projects/travel/img/tour_list/hotel_grid_4.jpg]
[demo.nrgthemes.com/projects/travel/img/tour_list/hotel_grid_5.jpg]
[demo.nrgthemes.com/projects/travel/img/tour_list/hotel_grid_6.jpg]
[demo.nrgthemes.com/projects/travel/img/tour_list/hotel_grid_7.jpg]
[demo.nrgthemes.com/projects/travel/img/tour_list/hotel_grid_8.jpg]
[demo.nrgthemes.com/projects/travel/img/tour_list/hotel_grid_9.jpg]
[demo.nrgthemes.com/projects/travel/img/tour_list/hotel_grid_10.jpg]
[demo.nrgthemes.com/projects/travel/img/tour_list/hotel_grid_11.jpg]
[demo.nrgthemes.com/projects/travel/img/tour_list/hotel_grid_12.jpg]
[demo.nrgthemes.com/projects/travel/img/tour_list/hotel_grid_13.jpg]
[demo.nrgthemes.com/projects/travel/img/tour_list/hotel_grid_14.jpg]
[demo.nrgthemes.com/projects/travel/img/tour_list/hotel_grid_15.jpg]
[demo.nrgthemes.com/projects/travel/hotel_list_2.html]
[demo.nrgthemes.com/projects/travel/hotel_grid.html]
[demo.nrgthemes.com/projects/travel/hotel_block.html]
[demo.nrgthemes.com/projects/travel/img/detail/bg_2.jpg]
[demo.nrgthemes.com/projects/travel/img/detail/m_slide_1.jpg]
[demo.nrgthemes.com/projects/travel/img/detail/m_slide_2.jpg]
[demo.nrgthemes.com/projects/travel/img/detail/m_slide_3.jpg]
[demo.nrgthemes.com/projects/travel/img/detail/m_slide_4.jpg]
[demo.nrgthemes.com/projects/travel/img/detail/m_slide_5.jpg]
[demo.nrgthemes.com/projects/travel/img/detail/m_slide_1s.jpg]
[demo.nrgthemes.com/projects/travel/img/detail/m_slide_2s.jpg]
[demo.nrgthemes.com/projects/travel/img/detail/m_slide_3s.jpg]
[demo.nrgthemes.com/projects/travel/img/detail/m_slide_4s.jpg]
[demo.nrgthemes.com/projects/travel/img/detail/m_slide_5s.jpg]
[demo.nrgthemes.com/projects/travel/img/detail/hotel_small_1.jpg]
[demo.nrgthemes.com/projects/travel/img/detail/hotel_small_2.jpg]
[demo.nrgthemes.com/projects/travel/img/detail/hotel_small_3.jpg]
[demo.nrgthemes.com/projects/travel/img/detail/phone24-dark.png]
[demo.nrgthemes.com/projects/travel/img/detail/letter-dark.png]
[demo.nrgthemes.com/projects/travel/hotel_detail.html]
[demo.nrgthemes.com/projects/travel/img/detail/bg_5.jpg]
[demo.nrgthemes.com/projects/travel/img/detail/phone24-dark-2.png]
[demo.nrgthemes.com/projects/travel/img/detail/letter-dark-2.png]
[demo.nrgthemes.com/projects/travel/booking.html]
[demo.nrgthemes.com/projects/travel/img/thx_icon.png]
[demo.nrgthemes.com/projects/travel/thank_you.html]
[demo.nrgthemes.com/projects/travel/img/tour_list/inner_banner_3.jpg]
[demo.nrgthemes.com/projects/travel/img/tour_list/flight_grid_1.jpg]
[demo.nrgthemes.com/projects/travel/img/tour_list/flight_icon_2.png]
[demo.nrgthemes.com/projects/travel/img/tour_list/flight_icon_1.png]
[demo.nrgthemes.com/projects/travel/img/tour_list/flight_grid_2.jpg]
[demo.nrgthemes.com/projects/travel/img/tour_list/flight_grid_3.jpg]
[demo.nrgthemes.com/projects/travel/img/tour_list/flight_grid_4.jpg]
[demo.nrgthemes.com/projects/travel/flight_list.html]
[demo.nrgthemes.com/projects/travel/flight_grid.html]
[demo.nrgthemes.com/projects/travel/flight_block.html]
[demo.nrgthemes.com/projects/travel/img/detail/bg_4.jpg]
[demo.nrgthemes.com/projects/travel/img/detail/flight.jpg]
[demo.nrgthemes.com/projects/travel/img/detail/flight_2.jpg]
[demo.nrgthemes.com/projects/travel/img/detail/flight_3.jpg]
[demo.nrgthemes.com/projects/travel/img/detail/detail_logo_2.png]
[demo.nrgthemes.com/projects/travel/img/detail/flightsl_small_1.jpg]
[demo.nrgthemes.com/projects/travel/img/detail/flightsl_small_2.jpg]
[demo.nrgthemes.com/projects/travel/img/detail/flightsl_small_3.jpg]
[demo.nrgthemes.com/projects/travel/img/detail/phone24-red.png]
[demo.nrgthemes.com/projects/travel/img/detail/letter-red.png]
[demo.nrgthemes.com/projects/travel/flight_details.html]
[demo.nrgthemes.com/projects/travel/car_list.html]
[demo.nrgthemes.com/projects/travel/car_grid.html]
[demo.nrgthemes.com/projects/travel/car_block.html]
[demo.nrgthemes.com/projects/travel/img/mail_icon_dark.png]
[demo.nrgthemes.com/projects/travel/img/phone_icon_dark.png]
[demo.nrgthemes.com/projects/travel/img/cars/gal_1_b.jpg]
[demo.nrgthemes.com/projects/travel/img/cars/gal_2_b.jpg]
[demo.nrgthemes.com/projects/travel/img/cars/gal_3_b.jpg]
[demo.nrgthemes.com/projects/travel/img/cars/gal_4_b.jpg]
[demo.nrgthemes.com/projects/travel/img/cars/gal_5_b.jpg]
[demo.nrgthemes.com/projects/travel/img/cars/gal_6_b.jpg]
[demo.nrgthemes.com/projects/travel/img/cars/gal_1_s.jpg]
[demo.nrgthemes.com/projects/travel/img/cars/gal_2_s.jpg]
[demo.nrgthemes.com/projects/travel/img/cars/gal_3_s.jpg]
[demo.nrgthemes.com/projects/travel/img/cars/gal_4_s.jpg]
[demo.nrgthemes.com/projects/travel/img/cars/gal_5_s.jpg]
[demo.nrgthemes.com/projects/travel/img/cars/gal_6_s.jpg]
[demo.nrgthemes.com/projects/travel/img/detail/comment_1.jpg]
[demo.nrgthemes.com/projects/travel/img/people_icon_grey.png]
[demo.nrgthemes.com/projects/travel/img/detail/comment_2.jpg]
[demo.nrgthemes.com/projects/travel/img/detail/comment_3.jpg]
[demo.nrgthemes.com/projects/travel/img/phone_icon_2_dark.png]
[demo.nrgthemes.com/projects/travel/img/mail_icon_b_dark.png]
[demo.nrgthemes.com/projects/travel/img/loc_icon_dark.png]
[demo.nrgthemes.com/projects/travel/car_detail.html]
[demo.nrgthemes.com/projects/travel/img/tour_list/bg_1.jpg]
[demo.nrgthemes.com/projects/travel/img/tour_list/bg_2.jpg]
[demo.nrgthemes.com/projects/travel/img/tour_list/bg_3.jpg]
[demo.nrgthemes.com/projects/travel/img/tour_list/bg_4.jpg]
[demo.nrgthemes.com/projects/travel/img/tour_list/cruise_grid_1.jpg]
[demo.nrgthemes.com/projects/travel/img/tour_list/cruise_logo_1.jpg]
[demo.nrgthemes.com/projects/travel/img/tour_list/cruise_grid_2.jpg]
[demo.nrgthemes.com/projects/travel/img/tour_list/cruise_logo_2.jpg]
[demo.nrgthemes.com/projects/travel/img/tour_list/cruise_grid_3.jpg]
[demo.nrgthemes.com/projects/travel/img/tour_list/cruise_logo_3.jpg]
[demo.nrgthemes.com/projects/travel/img/tour_list/cruise_grid_4.jpg]
[demo.nrgthemes.com/projects/travel/img/tour_list/cruise_grid_5.jpg]
[demo.nrgthemes.com/projects/travel/img/tour_list/cruise_grid_6.jpg]
[demo.nrgthemes.com/projects/travel/img/tour_list/cruise_grid_7.jpg]
[demo.nrgthemes.com/projects/travel/img/tour_list/cruise_grid_8.jpg]
[demo.nrgthemes.com/projects/travel/img/tour_list/cruise_grid_9.jpg]
[demo.nrgthemes.com/projects/travel/img/tour_list/cruise_grid_10.jpg]
[demo.nrgthemes.com/projects/travel/img/tour_list/cruise_grid_11.jpg]
[demo.nrgthemes.com/projects/travel/img/tour_list/cruise_grid_12.jpg]
[demo.nrgthemes.com/projects/travel/cruise_list.html]
[demo.nrgthemes.com/projects/travel/cruise_grid.html]
[demo.nrgthemes.com/projects/travel/cruise_block.html]
[demo.nrgthemes.com/projects/travel/img/detail/bg_3.jpg]
[demo.nrgthemes.com/projects/travel/img/detail/tab_img.jpg]
[demo.nrgthemes.com/projects/travel/img/detail/detail_logo.png]
[demo.nrgthemes.com/projects/travel/cruise_detail.html]
[demo.nrgthemes.com/projects/travel/img/inner/bg_1.jpg]
[demo.nrgthemes.com/projects/travel/img/inner/about.jpg]
[demo.nrgthemes.com/projects/travel/img/inner/investors_1.png]
[demo.nrgthemes.com/projects/travel/img/inner/investors_2.png]
[demo.nrgthemes.com/projects/travel/img/inner/investors_3.png]
[demo.nrgthemes.com/projects/travel/img/inner/investors_4.png]
[demo.nrgthemes.com/projects/travel/img/inner/investors_5.png]
[demo.nrgthemes.com/projects/travel/img/inner/investors_6.png]
[demo.nrgthemes.com/projects/travel/img/inner/investors_7.png]
[demo.nrgthemes.com/projects/travel/img/inner/investors_8.png]
[demo.nrgthemes.com/projects/travel/img/inner/investors_9.png]
[demo.nrgthemes.com/projects/travel/img/inner/investors_10.png]
[demo.nrgthemes.com/projects/travel/img/inner/investors_11.png]
[demo.nrgthemes.com/projects/travel/img/inner/investors_12.png]
[demo.nrgthemes.com/projects/travel/about_us.html]
[demo.nrgthemes.com/projects/travel/img/inner/bg_3.jpg]
[demo.nrgthemes.com/projects/travel/img/inner/icon_3.png]
[demo.nrgthemes.com/projects/travel/img/inner/icon_1.png]
[demo.nrgthemes.com/projects/travel/img/inner/icon_4.png]
[demo.nrgthemes.com/projects/travel/img/inner/icon_2.png]
[demo.nrgthemes.com/projects/travel/img/inner/icon_5.png]
[demo.nrgthemes.com/projects/travel/img/inner/icon_7.png]
[demo.nrgthemes.com/projects/travel/img/inner/icon_8.png]
[demo.nrgthemes.com/projects/travel/img/inner/icon_6.png]
[demo.nrgthemes.com/projects/travel/img/inner/bg_4.jpg]
[demo.nrgthemes.com/projects/travel/about_us_2.html]
[demo.nrgthemes.com/projects/travel/img/inner/bg_5.jpg]
[demo.nrgthemes.com/projects/travel/img/inner/about_2.jpg]
[demo.nrgthemes.com/projects/travel/img/inner/c_icon_1.png]
[demo.nrgthemes.com/projects/travel/img/inner/c_icon_2.png]
[demo.nrgthemes.com/projects/travel/img/inner/c_icon_3.png]
[demo.nrgthemes.com/projects/travel/img/inner/c_icon_4.png]
[demo.nrgthemes.com/projects/travel/img/inner/tariff_1.jpg]
[demo.nrgthemes.com/projects/travel/img/inner/tariff_2.jpg]
[demo.nrgthemes.com/projects/travel/img/inner/tariff_3.jpg]
[demo.nrgthemes.com/projects/travel/services.html]
[demo.nrgthemes.com/projects/travel/img/inner/m_icon_3.png]
[demo.nrgthemes.com/projects/travel/img/inner/m_icon_4.png]
[demo.nrgthemes.com/projects/travel/img/inner/m_icon_6.png]
[demo.nrgthemes.com/projects/travel/img/inner/m_icon_7.png]
[demo.nrgthemes.com/projects/travel/img/inner/about_3.jpg]
[demo.nrgthemes.com/projects/travel/img/inner/bg_7.jpg]
[demo.nrgthemes.com/projects/travel/services_2.html]
[demo.nrgthemes.com/projects/travel/img/gallery/bg_1.jpg]
[demo.nrgthemes.com/projects/travel/img/gallery/s_gal_1.jpg]
[demo.nrgthemes.com/projects/travel/img/gallery/s_gal_2.jpg]
[demo.nrgthemes.com/projects/travel/img/gallery/s_gal_3.jpg]
[demo.nrgthemes.com/projects/travel/img/gallery/s_gal_4.jpg]
[demo.nrgthemes.com/projects/travel/img/gallery/s_gal_5.jpg]
[demo.nrgthemes.com/projects/travel/img/gallery/s_gal_6.jpg]
[demo.nrgthemes.com/projects/travel/img/gallery/s_gal_7.jpg]
[demo.nrgthemes.com/projects/travel/img/gallery/s_gal_8.jpg]
[demo.nrgthemes.com/projects/travel/img/gallery/s_gal_9.jpg]
[demo.nrgthemes.com/projects/travel/img/gallery/s_gal_10.jpg]
[demo.nrgthemes.com/projects/travel/img/gallery/s_gal_13.jpg]
[demo.nrgthemes.com/projects/travel/img/gallery/s_gal_11.jpg]
[demo.nrgthemes.com/projects/travel/img/gallery/s_gal_12.jpg]
[demo.nrgthemes.com/projects/travel/gallery.html]
[demo.nrgthemes.com/projects/travel/img/gallery/bg_3.jpg]
[demo.nrgthemes.com/projects/travel/img/gallery/m_gal_1.jpg]
[demo.nrgthemes.com/projects/travel/img/gallery/m_gal_2.jpg]
[demo.nrgthemes.com/projects/travel/img/gallery/m_gal_3.jpg]
[demo.nrgthemes.com/projects/travel/img/gallery/m_gal_4.jpg]
[demo.nrgthemes.com/projects/travel/img/gallery/m_gal_5.jpg]
[demo.nrgthemes.com/projects/travel/img/gallery/m_gal_6.jpg]
[demo.nrgthemes.com/projects/travel/img/gallery/m_gal_7.jpg]
[demo.nrgthemes.com/projects/travel/img/gallery/m_gal_8.jpg]
[demo.nrgthemes.com/projects/travel/img/gallery/m_gal_9.jpg]
[demo.nrgthemes.com/projects/travel/img/gallery/m_gal_10.jpg]
[demo.nrgthemes.com/projects/travel/img/gallery/m_gal_11.jpg]
[demo.nrgthemes.com/projects/travel/img/gallery/m_gal_12.jpg]
[demo.nrgthemes.com/projects/travel/img/gallery/m_gal_13.jpg]
[demo.nrgthemes.com/projects/travel/gallery_2.html]
[demo.nrgthemes.com/projects/travel/img/gallery/g_gal_1.jpg]
[demo.nrgthemes.com/projects/travel/img/gallery/g_gal_2.jpg]
[demo.nrgthemes.com/projects/travel/img/gallery/g_gal_3.jpg]
[demo.nrgthemes.com/projects/travel/img/gallery/g_gal_4.jpg]
[demo.nrgthemes.com/projects/travel/img/gallery/g_gal_5.jpg]
[demo.nrgthemes.com/projects/travel/img/gallery/g_gal_6.jpg]
[demo.nrgthemes.com/projects/travel/img/gallery/g_gal_7.jpg]
[demo.nrgthemes.com/projects/travel/img/gallery/g_gal_8.jpg]
[demo.nrgthemes.com/projects/travel/img/gallery/g_gal_9.jpg]
[demo.nrgthemes.com/projects/travel/img/gallery/g_gal_10.jpg]
[demo.nrgthemes.com/projects/travel/img/gallery/g_gal_11.jpg]
[demo.nrgthemes.com/projects/travel/img/gallery/g_gal_12.jpg]
[demo.nrgthemes.com/projects/travel/img/gallery/g_gal_13.jpg]
[demo.nrgthemes.com/projects/travel/img/gallery/g_gal_14.jpg]
[demo.nrgthemes.com/projects/travel/img/gallery/g_gal_15.jpg]
[demo.nrgthemes.com/projects/travel/img/gallery/g_gal_16.jpg]
[demo.nrgthemes.com/projects/travel/img/gallery/g_gal_17.jpg]
[demo.nrgthemes.com/projects/travel/img/gallery/g_gal_18.jpg]
[demo.nrgthemes.com/projects/travel/img/gallery/g_gal_19.jpg]
[demo.nrgthemes.com/projects/travel/img/gallery/g_gal_20.jpg]
[demo.nrgthemes.com/projects/travel/gallery_3.html]
[demo.nrgthemes.com/projects/travel/gallery_4.html]
[demo.nrgthemes.com/projects/travel/gallery_5.html]
[demo.nrgthemes.com/projects/travel/img/gallery/bg_2.jpg]
[demo.nrgthemes.com/projects/travel/img/gallery/slide_1.jpg]
[demo.nrgthemes.com/projects/travel/img/gallery/arrow-left.jpg]
[demo.nrgthemes.com/projects/travel/gallery_detail.html]
[demo.nrgthemes.com/projects/travel/img/inner/bg_6.jpg]
[demo.nrgthemes.com/projects/travel/img/inner/blog_grid_1.jpg]
[demo.nrgthemes.com/projects/travel/img/inner/blog_grid_2.jpg]
[demo.nrgthemes.com/projects/travel/img/inner/blog_grid_3.jpg]
[demo.nrgthemes.com/projects/travel/img/inner/blog_grid_4.jpg]
[demo.nrgthemes.com/projects/travel/img/inner/blog_grid_5.jpg]
[demo.nrgthemes.com/projects/travel/img/inner/blog_grid_6.jpg]
[demo.nrgthemes.com/projects/travel/img/inner/blog_grid_7.jpg]
[demo.nrgthemes.com/projects/travel/img/inner/blog_grid_8.jpg]
[demo.nrgthemes.com/projects/travel/img/inner/blog_grid_9.jpg]
[demo.nrgthemes.com/projects/travel/img/inner/blog_grid_10.jpg]
[demo.nrgthemes.com/projects/travel/img/inner/blog_grid_11.jpg]
[demo.nrgthemes.com/projects/travel/img/inner/blog_grid_12.jpg]
[demo.nrgthemes.com/projects/travel/blog.html]
[demo.nrgthemes.com/projects/travel/img/detail/s_slide_1.jpg]
[demo.nrgthemes.com/projects/travel/img/detail/s_slide_2.jpg]
[demo.nrgthemes.com/projects/travel/img/detail/s_slide_3.jpg]
[demo.nrgthemes.com/projects/travel/img/detail/s_slide_4.jpg]
[demo.nrgthemes.com/projects/travel/img/detail/s_slide_5.jpg]
[demo.nrgthemes.com/projects/travel/img/detail/s_slide_1s.jpg]
[demo.nrgthemes.com/projects/travel/img/detail/s_slide_2s.jpg]
[demo.nrgthemes.com/projects/travel/img/detail/s_slide_3s.jpg]
[demo.nrgthemes.com/projects/travel/img/detail/s_slide_4s.jpg]
[demo.nrgthemes.com/projects/travel/img/detail/s_slide_5s.jpg]
[demo.nrgthemes.com/projects/travel/img/detail/blog_1.jpg]
[demo.nrgthemes.com/projects/travel/img/detail/popular_1.jpg]
[demo.nrgthemes.com/projects/travel/img/detail/popular_2.jpg]
[demo.nrgthemes.com/projects/travel/img/detail/widget_s.jpg]
[demo.nrgthemes.com/projects/travel/img/detail/w_gal_1.jpg]
[demo.nrgthemes.com/projects/travel/img/detail/w_gal_2.jpg]
[demo.nrgthemes.com/projects/travel/img/detail/w_gal_3.jpg]
[demo.nrgthemes.com/projects/travel/img/detail/w_gal_4.jpg]
[demo.nrgthemes.com/projects/travel/img/detail/w_gal_5.jpg]
[demo.nrgthemes.com/projects/travel/img/detail/w_gal_6.jpg]
[demo.nrgthemes.com/projects/travel/img/detail/w_gal_7.jpg]
[demo.nrgthemes.com/projects/travel/img/detail/w_gal_8.jpg]
[demo.nrgthemes.com/projects/travel/img/detail/w_gal_9.jpg]
[demo.nrgthemes.com/projects/travel/img/detail/w_gal_10.jpg]
[demo.nrgthemes.com/projects/travel/img/detail/w_gal_11.jpg]
[demo.nrgthemes.com/projects/travel/img/detail/w_gal_12.jpg]
[demo.nrgthemes.com/projects/travel/blog_list.html]
[demo.nrgthemes.com/projects/travel/img/detail/blog_2.jpg]
[demo.nrgthemes.com/projects/travel/blog_list_2.html]
[demo.nrgthemes.com/projects/travel/blog_full.html]
[demo.nrgthemes.com/projects/travel/img/detail/blog_gal_1.jpg]
[demo.nrgthemes.com/projects/travel/img/detail/blog_gal_2.jpg]
[demo.nrgthemes.com/projects/travel/img/detail/blog_gal_3.jpg]
[demo.nrgthemes.com/projects/travel/img/detail/blog_gal_4.jpg]
[demo.nrgthemes.com/projects/travel/img/detail/blog_gal_5.jpg]
[demo.nrgthemes.com/projects/travel/img/detail/blog_gal_6.jpg]
[demo.nrgthemes.com/projects/travel/blog_detail.html]
[demo.nrgthemes.com/projects/travel/img/detail/slide_1.jpg]
[demo.nrgthemes.com/projects/travel/img/detail/slide_2.jpg]
[demo.nrgthemes.com/projects/travel/img/detail/slide_3.jpg]
[demo.nrgthemes.com/projects/travel/img/detail/slide_4.jpg]
[demo.nrgthemes.com/projects/travel/img/detail/slide_5.jpg]
[demo.nrgthemes.com/projects/travel/img/detail/slide_6.jpg]
[demo.nrgthemes.com/projects/travel/img/detail/slide_1s.jpg]
[demo.nrgthemes.com/projects/travel/img/detail/slide_2s.jpg]
[demo.nrgthemes.com/projects/travel/img/detail/slide_3s.jpg]
[demo.nrgthemes.com/projects/travel/img/detail/slide_4s.jpg]
[demo.nrgthemes.com/projects/travel/img/detail/slide_5s.jpg]
[demo.nrgthemes.com/projects/travel/img/detail/slide_6s.jpg]
[demo.nrgthemes.com/projects/travel/img/detail/related_1.jpg]
[demo.nrgthemes.com/projects/travel/img/detail/related_2.jpg]
[demo.nrgthemes.com/projects/travel/img/detail/blog_nav_1.jpg]
[demo.nrgthemes.com/projects/travel/img/detail/blog_nav_2.jpg]
[demo.nrgthemes.com/projects/travel/blog_detail_2.html]
[demo.nrgthemes.com/projects/travel/faq.html]
[demo.nrgthemes.com/projects/travel/faq1.html]
[demo.nrgthemes.com/projects/travel/page_layout_left_sidebar.html]
[demo.nrgthemes.com/projects/travel/img/detail/bg_1.jpg]
[demo.nrgthemes.com/projects/travel/page_layout_right_sidebar.html]
[demo.nrgthemes.com/projects/travel/page_layout_2_sidebar.html]
[demo.nrgthemes.com/projects/travel/img/detail/bg_6.jpg]
[demo.nrgthemes.com/projects/travel/page_layout_full_width.html]
[demo.nrgthemes.com/projects/travel/contact_us.html]
[demo.nrgthemes.com/projects/travel/img/loc_icon_2_dark.png]
[demo.nrgthemes.com/projects/travel/img/mail_icon_l_dark.png]
[demo.nrgthemes.com/projects/travel/img/phone_icon_3_dark.png]
[demo.nrgthemes.com/projects/travel/contact_us_2.html]
[demo.nrgthemes.com/projects/travel/policies.html]
[demo.nrgthemes.com/projects/travel/sitemap.html]
[demo.nrgthemes.com/projects/travel/img/special/bg-2.jpg]
[demo.nrgthemes.com/projects/travel/404.html]
[demo.nrgthemes.com/projects/travel/404_2.html]
[demo.nrgthemes.com/projects/travel/img/special/bg-3.jpg]
[demo.nrgthemes.com/projects/travel/img/special/soon.jpg]
[demo.nrgthemes.com/projects/travel/cooming_soon.html]
[demo.nrgthemes.com/projects/travel/css/jquery.classycountdown.min.css]
[demo.nrgthemes.com/projects/travel/img/special/bg-4.jpg]
[demo.nrgthemes.com/projects/travel/js/jquery.classycountdown.min.js]
[demo.nrgthemes.com/projects/travel/js/jquery.throttle.js]
[demo.nrgthemes.com/projects/travel/js/jquery.knob.js]
[demo.nrgthemes.com/projects/travel/cooming_soon_2.html]
[demo.nrgthemes.com/projects/travel/img/special/bg-1.jpg]
[demo.nrgthemes.com/projects/travel/img/special/login.jpg]
[demo.nrgthemes.com/projects/travel/login.html]
[demo.nrgthemes.com/projects/travel/accordions.html]
[demo.nrgthemes.com/projects/travel/tabs.html]
[demo.nrgthemes.com/projects/travel/img/quot.png]
[demo.nrgthemes.com/projects/travel/buttons.html]
[demo.nrgthemes.com/projects/travel/tour_list.html]
[demo.nrgthemes.com/projects/travel/tour_list_2.html]
[demo.nrgthemes.com/projects/travel/tour_list_3.html]
[demo.nrgthemes.com/projects/travel/tour_list_4.html]
[demo.nrgthemes.com/projects/travel/dropdowns.html]
[demo.nrgthemes.com/projects/travel/prices.html]
[demo.nrgthemes.com/projects/travel/testimonials.html]
[demo.nrgthemes.com/projects/travel/ourteam.html]
[demo.nrgthemes.com/projects/travel/css/magnific-popup.css]
[demo.nrgthemes.com/projects/travel/js/jquery.magnific-popup.min.js]
[demo.nrgthemes.com/projects/travel/gallerypopup.html]
[demo.nrgthemes.com/projects/travel/fonts/glyphicons-halflings-regular.html]
[demo.nrgthemes.com/projects/travel/fonts/glyphicons-halflings-regulard41d.html]
[demo.nrgthemes.com/projects/travel/fonts/glyphicons-halflings-regular-2.html]
[demo.nrgthemes.com/projects/travel/fonts/glyphicons-halflings-regular-3.html]
[demo.nrgthemes.com/projects/travel/fonts/glyphicons-halflings-regular-4.html]
[demo.nrgthemes.com/projects/travel/fonts/glyphicons-halflings-regular-5.html]
[demo.nrgthemes.com/projects/travel/img/detail/tour_small_1.jpg]
[demo.nrgthemes.com/projects/travel/img/detail/tour_small_2.jpg]
[demo.nrgthemes.com/projects/travel/img/detail/tour_small_3.jpg]
[demo.nrgthemes.com/projects/travel/img/detail/phone24.png]
[demo.nrgthemes.com/projects/travel/img/detail/letter.png]
[demo.nrgthemes.com/projects/travel/img/detail/interested.jpg]
[demo.nrgthemes.com/projects/travel/detail.html]
[demo.nrgthemes.com/projects/travel/detail_2.html]
[demo.nrgthemes.com/projects/travel/css/DateTimePicker.min.css]
[demo.nrgthemes.com/projects/travel/img/poster.html]
[demo.nrgthemes.com/projects/travel/css/jquery.classycountdown.min.css]
[demo.nrgthemes.com/projects/travel/css/magnific-popup.css]
